{
  "stats": {
    "suites": 1,
    "tests": 3,
    "passes": 2,
    "pending": 0,
    "failures": 1,
    "start": "2023-11-29T07:45:20.492Z",
    "end": "2023-11-29T07:46:03.978Z",
    "duration": 43486,
    "testsRegistered": 3,
    "passPercent": 66.66666666666666,
    "pendingPercent": 0,
    "other": 0,
    "hasOther": false,
    "skipped": 0,
    "hasSkipped": false
  },
  "results": [
    {
      "uuid": "abc286d6-00b6-4c56-a7b8-b832e3fa1e3a",
      "title": "",
      "fullFile": "cypress\\e2e\\Tests\\AssuredWealthGoalPlanTest.cy.js",
      "file": "cypress\\e2e\\Tests\\AssuredWealthGoalPlanTest.cy.js",
      "beforeHooks": [],
      "afterHooks": [],
      "tests": [],
      "suites": [
        {
          "uuid": "4c2b1d63-5a5b-44c5-865c-677f8416f12f",
          "title": "Test Assured Wealth Goal Plan",
          "fullFile": "",
          "file": "",
          "beforeHooks": [],
          "afterHooks": [],
          "tests": [
            {
              "title": "AWG Plan Testcase1: with all mandatory details",
              "fullTitle": "Test Assured Wealth Goal Plan AWG Plan Testcase1: with all mandatory details",
              "timedOut": null,
              "duration": 12526,
              "state": "passed",
              "speed": "slow",
              "pass": true,
              "fail": false,
              "pending": false,
              "context": "{\n  \"title\": \"cypress-mochawesome-reporter-videos-passed\",\n  \"value\": \"cypress\\\\e2e\\\\Tests\\\\AssuredWealthGoalPlanTest.cy.js\"\n}",
              "code": "productObj.openURL();\nproductObj.selectAssuredWealthGoalPlan(_AssuredWealthGoalData.default.Planname);\nquoteObj.selectTitle(_AssuredWealthGoalData.default.Title);\nquoteObj.enterFirstName(_AssuredWealthGoalData.default.Firstname);\nquoteObj.enterLastName(_AssuredWealthGoalData.default.Lastname);\nquoteObj.enterMobileNo(_AssuredWealthGoalData.default.MobileNo);\nquoteObj.enterEmail(_AssuredWealthGoalData.default.Email);\nquoteObj.clickCalculate();\nquoteObj.enterSMICName(_AssuredWealthGoalData.default.SMICName);\nquoteObj.enterSMContactNo(_AssuredWealthGoalData.default.SMICContact);\nquoteObj.clickSubmit();\nquoteObj.clickBackBtn();",
              "err": {},
              "uuid": "4ee64155-e827-4585-9b7a-f3dbb45ee7ab",
              "parentUUID": "4c2b1d63-5a5b-44c5-865c-677f8416f12f",
              "isHook": false,
              "skipped": false
            },
            {
              "title": "AWG Plan Testcase2 : with addons",
              "fullTitle": "Test Assured Wealth Goal Plan AWG Plan Testcase2 : with addons",
              "timedOut": null,
              "duration": 11880,
              "state": "passed",
              "speed": "slow",
              "pass": true,
              "fail": false,
              "pending": false,
              "context": "{\n  \"title\": \"cypress-mochawesome-reporter-videos-passed\",\n  \"value\": \"cypress\\\\e2e\\\\Tests\\\\AssuredWealthGoalPlanTest.cy.js\"\n}",
              "code": "productObj.openURL();\nproductObj.selectAssuredWealthGoalPlan(_AssuredWealthGoalData.default.Planname);\nquoteObj.selectTitle(_AssuredWealthGoalData.default.Title);\nquoteObj.enterFirstName(_AssuredWealthGoalData.default.Firstname);\nquoteObj.enterLastName(_AssuredWealthGoalData.default.Lastname);\nquoteObj.enterMobileNo(_AssuredWealthGoalData.default.MobileNo);\nquoteObj.enterEmail(_AssuredWealthGoalData.default.Email);\nquoteObj.addonsSelection(_AssuredWealthGoalData.default.SA);\nquoteObj.clickCalculate();\nquoteObj.enterSMICName(_AssuredWealthGoalData.default.SMICName);\nquoteObj.enterSMContactNo(_AssuredWealthGoalData.default.SMICContact);\nquoteObj.clickSubmit();\nquoteObj.clickBackBtn();",
              "err": {},
              "uuid": "c59598d4-2fa5-42c8-8adb-0a62e1e12e1e",
              "parentUUID": "4c2b1d63-5a5b-44c5-865c-677f8416f12f",
              "isHook": false,
              "skipped": false
            },
            {
              "title": "AWG Plan Testcase3 : without mandatory field value",
              "fullTitle": "Test Assured Wealth Goal Plan AWG Plan Testcase3 : without mandatory field value",
              "timedOut": null,
              "duration": 14657,
              "state": "failed",
              "speed": null,
              "pass": false,
              "fail": true,
              "pending": false,
              "context": "[\n  {\n    \"title\": \"cypress-mochawesome-reporter-videos-failed\",\n    \"value\": \"cypress\\\\e2e\\\\Tests\\\\AssuredWealthGoalPlanTest.cy.js\"\n  },\n  {\n    \"title\": \"cypress-mochawesome-reporter-screenshots\",\n    \"value\": [\n      [\n        \"\\\\AssuredWealthGoalPlanTest.cy.js\\\\Test Assured Wealth Goal Plan -- AWG Plan Testcase3  without mandatory field value (failed).png\"\n      ]\n    ]\n  }\n]",
              "code": "productObj.openURL();\nproductObj.selectAssuredWealthGoalPlan(_AssuredWealthGoalData.default.Planname);\nquoteObj.selectTitle(_AssuredWealthGoalData.default.Title);\nquoteObj.enterFirstName(_AssuredWealthGoalData.default.Firstname);\nquoteObj.enterLastName(_AssuredWealthGoalData.default.Lastname);\nquoteObj.enterMobileNo(_AssuredWealthGoalData.default.MobileNo);\n//quoteObj.enterEmail(AWGData.Email)\nquoteObj.addonsSelection(_AssuredWealthGoalData.default.SA);\nquoteObj.clickCalculate();\nquoteObj.enterSMICName(_AssuredWealthGoalData.default.SMICName);\nquoteObj.enterSMContactNo(_AssuredWealthGoalData.default.SMICContact);\nquoteObj.clickSubmit();\nquoteObj.clickBackBtn();",
              "err": {
                "message": "CypressError: Timed out retrying after 10000ms: `cy.type()` failed because this element is not visible:\n\n`<input type=\"text\" id=\"userNameID\" class=\"form-control modalName\" oninput=\"return handleInput(event)\">`\n\nThis element `<input#userNameID.form-control.modalName>` is not visible because its parent `<div#thankyouModal.modal>` has CSS property: `display: none`\n\nFix this problem, or use `{force: true}` to disable error checking.\n\nhttps://on.cypress.io/element-cannot-be-interacted-with",
                "estack": "CypressError: Timed out retrying after 10000ms: `cy.type()` failed because this element is not visible:\n\n`<input type=\"text\" id=\"userNameID\" class=\"form-control modalName\" oninput=\"return handleInput(event)\">`\n\nThis element `<input#userNameID.form-control.modalName>` is not visible because its parent `<div#thankyouModal.modal>` has CSS property: `display: none`\n\nFix this problem, or use `{force: true}` to disable error checking.\n\nhttps://on.cypress.io/element-cannot-be-interacted-with\n    at runVisibilityCheck (https://uatbi.bajajallianzlife.com/__cypress/runner/cypress_runner.js:145431:58)\n    at Object.isStrictlyVisible (https://uatbi.bajajallianzlife.com/__cypress/runner/cypress_runner.js:145445:10)\n    at runAllChecks (https://uatbi.bajajallianzlife.com/__cypress/runner/cypress_runner.js:112266:26)\n    at retryActionability (https://uatbi.bajajallianzlife.com/__cypress/runner/cypress_runner.js:112334:16)\n    at tryCatcher (https://uatbi.bajajallianzlife.com/__cypress/runner/cypress_runner.js:1807:23)\n    at Promise.attempt.Promise.try (https://uatbi.bajajallianzlife.com/__cypress/runner/cypress_runner.js:4315:29)\n    at whenStable (https://uatbi.bajajallianzlife.com/__cypress/runner/cypress_runner.js:144253:68)\n    at <unknown> (https://uatbi.bajajallianzlife.com/__cypress/runner/cypress_runner.js:144194:14)\n    at tryCatcher (https://uatbi.bajajallianzlife.com/__cypress/runner/cypress_runner.js:1807:23)\n    at Promise._settlePromiseFromHandler (https://uatbi.bajajallianzlife.com/__cypress/runner/cypress_runner.js:1519:31)\n    at Promise._settlePromise (https://uatbi.bajajallianzlife.com/__cypress/runner/cypress_runner.js:1576:18)\n    at Promise._settlePromise0 (https://uatbi.bajajallianzlife.com/__cypress/runner/cypress_runner.js:1621:10)\n    at Promise._settlePromises (https://uatbi.bajajallianzlife.com/__cypress/runner/cypress_runner.js:1701:18)\n    at Promise._fulfill (https://uatbi.bajajallianzlife.com/__cypress/runner/cypress_runner.js:1645:18)\n    at <unknown> (https://uatbi.bajajallianzlife.com/__cypress/runner/cypress_runner.js:5450:46)\nFrom Your Spec Code:\n    at quickQuote.enterSMICName (webpack://cypress-e2e/./cypress/Pages/QuickQuote.js:54:44)\n    at Context.eval (webpack://cypress-e2e/./cypress/e2e/Tests/AssuredWealthGoalPlanTest.cy.js:51:17)",
                "diff": null
              },
              "uuid": "265c012b-c843-42d0-9f16-8ddf861de46a",
              "parentUUID": "4c2b1d63-5a5b-44c5-865c-677f8416f12f",
              "isHook": false,
              "skipped": false
            }
          ],
          "suites": [],
          "passes": [
            "4ee64155-e827-4585-9b7a-f3dbb45ee7ab",
            "c59598d4-2fa5-42c8-8adb-0a62e1e12e1e"
          ],
          "failures": [
            "265c012b-c843-42d0-9f16-8ddf861de46a"
          ],
          "pending": [],
          "skipped": [],
          "duration": 39063,
          "root": false,
          "rootEmpty": false,
          "_timeout": 2000
        }
      ],
      "passes": [],
      "failures": [],
      "pending": [],
      "skipped": [],
      "duration": 0,
      "root": true,
      "rootEmpty": true,
      "_timeout": 2000
    }
  ],
  "meta": {
    "mocha": {
      "version": "7.0.1"
    },
    "mochawesome": {
      "options": {
        "quiet": false,
        "reportFilename": "mochawesome",
        "saveHtml": false,
        "saveJson": true,
        "consoleReporter": "spec",
        "useInlineDiffs": false,
        "code": true
      },
      "version": "7.1.3"
    },
    "marge": {
      "options": {
        "overwrite": false,
        "html": false,
        "json": true,
        "reportDir": "cypress\\reports\\html\\.jsons"
      },
      "version": "6.2.0"
    }
  }
}